<?xml version="1.0" encoding="UTF-8"?>
<!-- Generated by org.testng.reporters.JUnitXMLReporter -->
<testsuite hostname="mujeeb" ignored="1" name="Test" tests="11" failures="0" timestamp="2023-02-28T12:21:41 IST" time="32.065" errors="0">
  <testcase name="e" time="0.027" classname="SeleniumTestNg.Sample3"/>
  <testcase name="m1" time="0.026" classname="SeleniumTestNg.Sample1"/>
  <testcase name="a1" time="0.026" classname="SeleniumTestNg.Sample2"/>
  <testcase name="a2" time="0.003" classname="SeleniumTestNg.Sample2"/>
  <testcase name="e1" time="0.012" classname="SeleniumTestNg.Sample3"/>
  <testcase name="m2" time="0.002" classname="SeleniumTestNg.Sample1"/>
  <testcase name="a3" time="0.009" classname="SeleniumTestNg.Sample2"/>
  <testcase name="e2" time="0.002" classname="SeleniumTestNg.Sample3"/>
  <testcase name="m3" time="0.007" classname="SeleniumTestNg.Sample1"/>
  <testcase name="e3" time="0.009" classname="SeleniumTestNg.Sample3"/>
  <testcase name="log" time="31.824" classname="SeleniumTestNg.Sample2"/>
  <testcase name="reg" time="0.0" classname="SeleniumTestNg.Sample1">
    <ignored/>
  </testcase> <!-- reg -->
</testsuite> <!-- Test -->
